0 info it worked if it ends with ok
1 verbose cli [ '/usr/local/bin/node', '/usr/local/bin/npm', 'start' ]
2 info using npm@3.10.9
3 info using node@v7.1.0
4 verbose run-script [ 'prestart', 'start', 'poststart' ]
5 info lifecycle code-migrate-backend@1.0.0~prestart: code-migrate-backend@1.0.0
6 silly lifecycle code-migrate-backend@1.0.0~prestart: no script for prestart, continuing
7 info lifecycle code-migrate-backend@1.0.0~start: code-migrate-backend@1.0.0
8 verbose lifecycle code-migrate-backend@1.0.0~start: unsafe-perm in lifecycle true
9 verbose lifecycle code-migrate-backend@1.0.0~start: PATH: /usr/local/lib/node_modules/npm/bin/node-gyp-bin:/Users/ruslansalahov/Projects/code-migrate-backend/node_modules/.bin:/Library/Frameworks/Python.framework/Versions/3.6/bin:/Users/ruslansalahov/.rvm/gems/ruby-2.4.0/bin:/Users/ruslansalahov/.rvm/gems/ruby-2.4.0@global/bin:/Users/ruslansalahov/.rvm/rubies/ruby-2.4.0/bin:/Library/Frameworks/Python.framework/Versions/3.6/bin:/usr/local/bin:/usr/bin:/bin:/usr/sbin:/sbin:/Users/ruslansalahov/.rvm/bin:/Users/ruslansalahov/.rvm/bin:/Users/ruslansalahov/.rvm/bin
10 verbose lifecycle code-migrate-backend@1.0.0~start: CWD: /Users/ruslansalahov/Projects/code-migrate-backend
11 silly lifecycle code-migrate-backend@1.0.0~start: Args: [ '-c', 'babel-node app' ]
12 silly lifecycle code-migrate-backend@1.0.0~start: Returned: code: 1  signal: null
13 info lifecycle code-migrate-backend@1.0.0~start: Failed to exec start script
14 verbose stack Error: code-migrate-backend@1.0.0 start: `babel-node app`
14 verbose stack Exit status 1
14 verbose stack     at EventEmitter.<anonymous> (/usr/local/lib/node_modules/npm/lib/utils/lifecycle.js:255:16)
14 verbose stack     at emitTwo (events.js:106:13)
14 verbose stack     at EventEmitter.emit (events.js:191:7)
14 verbose stack     at ChildProcess.<anonymous> (/usr/local/lib/node_modules/npm/lib/utils/spawn.js:40:14)
14 verbose stack     at emitTwo (events.js:106:13)
14 verbose stack     at ChildProcess.emit (events.js:191:7)
14 verbose stack     at maybeClose (internal/child_process.js:885:16)
14 verbose stack     at Process.ChildProcess._handle.onexit (internal/child_process.js:226:5)
15 verbose pkgid code-migrate-backend@1.0.0
16 verbose cwd /Users/ruslansalahov/Projects/code-migrate-backend
17 error Darwin 16.0.0
18 error argv "/usr/local/bin/node" "/usr/local/bin/npm" "start"
19 error node v7.1.0
20 error npm  v3.10.9
21 error code ELIFECYCLE
22 error code-migrate-backend@1.0.0 start: `babel-node app`
22 error Exit status 1
23 error Failed at the code-migrate-backend@1.0.0 start script 'babel-node app'.
23 error Make sure you have the latest version of node.js and npm installed.
23 error If you do, this is most likely a problem with the code-migrate-backend package,
23 error not with npm itself.
23 error Tell the author that this fails on your system:
23 error     babel-node app
23 error You can get information on how to open an issue for this project with:
23 error     npm bugs code-migrate-backend
23 error Or if that isn't available, you can get their info via:
23 error     npm owner ls code-migrate-backend
23 error There is likely additional logging output above.
24 verbose exit [ 1, true ]
